<?xml version="1.0" encoding="UTF-8"?>
<testng-results ignored="0" total="1" passed="1" failed="0" skipped="0">
  <reporter-output>
  </reporter-output>
  <suite started-at="2023-01-24T09:41:32 IST" name="Default suite" finished-at="2023-01-24T09:41:43 IST" duration-ms="11379">
    <groups>
    </groups>
    <test started-at="2023-01-24T09:41:32 IST" name="Default test" finished-at="2023-01-24T09:41:43 IST" duration-ms="11379">
      <class name="com.LiveCompetition.Java.LiveTest2">
        <test-method signature="Automation2Test()[pri:2, instance:com.LiveCompetition.Java.LiveTest2@2189e7a7]" started-at="2023-01-24T09:41:32 IST" name="Automation2Test" finished-at="2023-01-24T09:41:43 IST" duration-ms="11240" status="PASS">
          <reporter-output>
          </reporter-output>
        </test-method> <!-- Automation2Test -->
      </class> <!-- com.LiveCompetition.Java.LiveTest2 -->
    </test> <!-- Default test -->
  </suite> <!-- Default suite -->
</testng-results>
